2018-06-09 22:03:37,688 INFO [main] k.a.h.c.HelloSpringBootApplication [StartupInfoLogger.java:48] Starting HelloSpringBootApplication on DESKTOP-D2QGEON with PID 8788 (C:\dev\workspace\helloSpringBoot\target\classes started by lenovo in C:\dev\workspace\helloSpringBoot)
2018-06-09 22:03:37,690 DEBUG [main] k.a.h.c.HelloSpringBootApplication [StartupInfoLogger.java:51] Running with Spring Boot v1.5.13.RELEASE, Spring v4.3.17.RELEASE
2018-06-09 22:03:37,690 INFO [main] k.a.h.c.HelloSpringBootApplication [SpringApplication.java:593] No active profile set, falling back to default profiles: default
2018-06-09 22:03:37,802 INFO [background-preinit] o.h.v.i.u.Version [Version.java:30] HV000001: Hibernate Validator 5.3.6.Final
2018-06-09 22:03:37,816 INFO [main] o.s.b.c.e.AnnotationConfigEmbeddedWebApplicationContext [AbstractApplicationContext.java:583] Refreshing org.springframework.boot.context.embedded.AnnotationConfigEmbeddedWebApplicationContext@b62fe6d: startup date [Sat Jun 09 22:03:37 KST 2018]; root of context hierarchy
2018-06-09 22:03:38,469 INFO [main] o.s.b.c.e.t.TomcatEmbeddedServletContainer [TomcatEmbeddedServletContainer.java:92] Tomcat initialized with port(s): 9000 (http)
2018-06-09 22:03:38,478 INFO [main] o.a.c.h.Http11NioProtocol [DirectJDKLog.java:180] Initializing ProtocolHandler ["http-nio-9000"]
2018-06-09 22:03:38,484 INFO [main] o.a.c.c.StandardService [DirectJDKLog.java:180] Starting service [Tomcat]
2018-06-09 22:03:38,484 INFO [main] o.a.c.c.StandardEngine [DirectJDKLog.java:180] Starting Servlet Engine: Apache Tomcat/8.5.31
2018-06-09 22:03:38,613 INFO [localhost-startStop-1] o.a.c.c.C.[.[.[/] [DirectJDKLog.java:180] Initializing Spring embedded WebApplicationContext
2018-06-09 22:03:38,614 INFO [localhost-startStop-1] o.s.w.c.ContextLoader [EmbeddedWebApplicationContext.java:276] Root WebApplicationContext: initialization completed in 800 ms
2018-06-09 22:03:38,742 INFO [localhost-startStop-1] o.s.b.w.s.FilterRegistrationBean [AbstractFilterRegistrationBean.java:258] Mapping filter: 'characterEncodingFilter' to: [/*]
2018-06-09 22:03:38,743 INFO [localhost-startStop-1] o.s.b.w.s.FilterRegistrationBean [AbstractFilterRegistrationBean.java:258] Mapping filter: 'hiddenHttpMethodFilter' to: [/*]
2018-06-09 22:03:38,743 INFO [localhost-startStop-1] o.s.b.w.s.FilterRegistrationBean [AbstractFilterRegistrationBean.java:258] Mapping filter: 'httpPutFormContentFilter' to: [/*]
2018-06-09 22:03:38,743 INFO [localhost-startStop-1] o.s.b.w.s.FilterRegistrationBean [AbstractFilterRegistrationBean.java:258] Mapping filter: 'requestContextFilter' to: [/*]
2018-06-09 22:03:38,744 INFO [localhost-startStop-1] o.s.b.w.s.DelegatingFilterProxyRegistrationBean [AbstractFilterRegistrationBean.java:258] Mapping filter: 'springSecurityFilterChain' to: [/*]
2018-06-09 22:03:38,744 INFO [localhost-startStop-1] o.s.b.w.s.ServletRegistrationBean [ServletRegistrationBean.java:190] Mapping servlet: 'dispatcherServlet' to [/]
2018-06-09 22:03:38,876 INFO [main] o.s.b.a.s.AuthenticationManagerConfiguration [AuthenticationManagerConfiguration.java:173] 

Using default security password: 4404bbc5-98db-4c46-b794-cfc0e048db27

2018-06-09 22:03:38,950 INFO [main] o.s.s.w.DefaultSecurityFilterChain [DefaultSecurityFilterChain.java:43] Creating filter chain: org.springframework.security.web.util.matcher.AnyRequestMatcher@1, [org.springframework.security.web.context.request.async.WebAsyncManagerIntegrationFilter@deb3b60, org.springframework.security.web.context.SecurityContextPersistenceFilter@3088660d, org.springframework.security.web.header.HeaderWriterFilter@75504cef, org.springframework.security.web.authentication.logout.LogoutFilter@323659f8, org.springframework.security.web.savedrequest.RequestCacheAwareFilter@32fdec40, org.springframework.security.web.servletapi.SecurityContextHolderAwareRequestFilter@25cc7470, org.springframework.security.web.authentication.AnonymousAuthenticationFilter@701a32, org.springframework.security.web.session.SessionManagementFilter@3e598df9, org.springframework.security.web.access.ExceptionTranslationFilter@36074e47, org.springframework.security.web.access.intercept.FilterSecurityInterceptor@412c995d]
2018-06-09 22:03:39,080 INFO [main] o.s.w.s.m.m.a.RequestMappingHandlerAdapter [RequestMappingHandlerAdapter.java:534] Looking for @ControllerAdvice: org.springframework.boot.context.embedded.AnnotationConfigEmbeddedWebApplicationContext@b62fe6d: startup date [Sat Jun 09 22:03:37 KST 2018]; root of context hierarchy
2018-06-09 22:03:39,117 INFO [main] o.s.w.s.m.m.a.RequestMappingHandlerMapping [AbstractHandlerMethodMapping.java:543] Mapped "{[/],methods=[GET]}" onto public java.lang.String kr.ac.hansung.cse.controller.HomeController.home(org.springframework.ui.Model)
2018-06-09 22:03:39,119 INFO [main] o.s.w.s.m.m.a.RequestMappingHandlerMapping [AbstractHandlerMethodMapping.java:543] Mapped "{[/error]}" onto public org.springframework.http.ResponseEntity<java.util.Map<java.lang.String, java.lang.Object>> org.springframework.boot.autoconfigure.web.BasicErrorController.error(javax.servlet.http.HttpServletRequest)
2018-06-09 22:03:39,119 INFO [main] o.s.w.s.m.m.a.RequestMappingHandlerMapping [AbstractHandlerMethodMapping.java:543] Mapped "{[/error],produces=[text/html]}" onto public org.springframework.web.servlet.ModelAndView org.springframework.boot.autoconfigure.web.BasicErrorController.errorHtml(javax.servlet.http.HttpServletRequest,javax.servlet.http.HttpServletResponse)
2018-06-09 22:03:39,139 INFO [main] o.s.w.s.h.SimpleUrlHandlerMapping [AbstractUrlHandlerMapping.java:362] Mapped URL path [/webjars/**] onto handler of type [class org.springframework.web.servlet.resource.ResourceHttpRequestHandler]
2018-06-09 22:03:39,139 INFO [main] o.s.w.s.h.SimpleUrlHandlerMapping [AbstractUrlHandlerMapping.java:362] Mapped URL path [/**] onto handler of type [class org.springframework.web.servlet.resource.ResourceHttpRequestHandler]
2018-06-09 22:03:39,159 INFO [main] o.s.w.s.h.SimpleUrlHandlerMapping [AbstractUrlHandlerMapping.java:362] Mapped URL path [/**/favicon.ico] onto handler of type [class org.springframework.web.servlet.resource.ResourceHttpRequestHandler]
2018-06-09 22:03:39,443 INFO [main] o.s.j.e.a.AnnotationMBeanExporter [MBeanExporter.java:431] Registering beans for JMX exposure on startup
2018-06-09 22:03:39,452 INFO [main] o.a.c.h.Http11NioProtocol [DirectJDKLog.java:180] Starting ProtocolHandler ["http-nio-9000"]
2018-06-09 22:03:39,459 INFO [main] o.a.t.u.n.NioSelectorPool [DirectJDKLog.java:180] Using a shared selector for servlet write/read
2018-06-09 22:03:39,468 INFO [main] o.s.b.c.e.t.TomcatEmbeddedServletContainer [TomcatEmbeddedServletContainer.java:216] Tomcat started on port(s): 9000 (http)
2018-06-09 22:03:39,471 INFO [main] k.a.h.c.HelloSpringBootApplication [StartupInfoLogger.java:57] Started HelloSpringBootApplication in 1.918 seconds (JVM running for 2.591)
2018-06-09 22:04:00,035 INFO [http-nio-9000-exec-1] o.a.c.c.C.[.[.[/] [DirectJDKLog.java:180] Initializing Spring FrameworkServlet 'dispatcherServlet'
2018-06-09 22:04:00,036 INFO [http-nio-9000-exec-1] o.s.w.s.DispatcherServlet [FrameworkServlet.java:489] FrameworkServlet 'dispatcherServlet': initialization started
2018-06-09 22:04:00,062 INFO [http-nio-9000-exec-1] o.s.w.s.DispatcherServlet [FrameworkServlet.java:508] FrameworkServlet 'dispatcherServlet': initialization completed in 26 ms
2018-06-09 22:04:00,094 DEBUG [http-nio-9000-exec-1] k.a.h.c.c.HomeController [HomeController.java:18] Calling home( )
2018-06-09 22:04:00,105 INFO [http-nio-9000-exec-1] o.t.TemplateEngine [TemplateEngine.java:825] [THYMELEAF] INITIALIZING TEMPLATE ENGINE
2018-06-09 22:04:00,137 INFO [http-nio-9000-exec-1] o.t.t.AbstractTemplateResolver [AbstractTemplateResolver.java:99] [THYMELEAF] INITIALIZING TEMPLATE RESOLVER: org.thymeleaf.spring4.templateresolver.SpringResourceTemplateResolver
2018-06-09 22:04:00,137 INFO [http-nio-9000-exec-1] o.t.t.AbstractTemplateResolver [AbstractTemplateResolver.java:110] [THYMELEAF] TEMPLATE RESOLVER INITIALIZED OK
2018-06-09 22:04:00,137 INFO [http-nio-9000-exec-1] o.t.m.AbstractMessageResolver [AbstractMessageResolver.java:72] [THYMELEAF] INITIALIZING MESSAGE RESOLVER: org.thymeleaf.spring4.messageresolver.SpringMessageResolver
2018-06-09 22:04:00,138 INFO [http-nio-9000-exec-1] o.t.m.AbstractMessageResolver [AbstractMessageResolver.java:78] [THYMELEAF] MESSAGE RESOLVER INITIALIZED OK
2018-06-09 22:04:00,140 INFO [http-nio-9000-exec-1] o.t.T.CONFIG [ConfigurationPrinterHelper.java:123] [THYMELEAF] TEMPLATE ENGINE CONFIGURATION:
[THYMELEAF] * Cache Factory implementation: org.thymeleaf.cache.StandardCacheManager
[THYMELEAF] * Template modes:
[THYMELEAF]     * VALIDXML
[THYMELEAF]     * XML
[THYMELEAF]     * VALIDXHTML
[THYMELEAF]     * XHTML
[THYMELEAF]     * HTML5
[THYMELEAF]     * LEGACYHTML5
[THYMELEAF] * Template resolvers (in order):
[THYMELEAF]     * org.thymeleaf.spring4.templateresolver.SpringResourceTemplateResolver
[THYMELEAF] * Message resolvers (in order):
[THYMELEAF]     * org.thymeleaf.spring4.messageresolver.SpringMessageResolver
[THYMELEAF] * Dialect [1 of 2]: org.thymeleaf.spring4.dialect.SpringStandardDialect
[THYMELEAF]     * Prefix: "th"
[THYMELEAF] * Dialect [2 of 2]: nz.net.ultraq.thymeleaf.LayoutDialect
[THYMELEAF]     * Prefix: "layout"
[THYMELEAF] TEMPLATE ENGINE CONFIGURED OK
2018-06-09 22:04:00,140 INFO [http-nio-9000-exec-1] o.t.TemplateEngine [TemplateEngine.java:838] [THYMELEAF] TEMPLATE ENGINE INITIALIZED
2018-06-09 22:12:04,047 INFO [RMI TCP Connection(2)-127.0.0.1] o.s.b.a.SpringApplicationAdminMXBeanRegistrar$SpringApplicationAdmin [SpringApplicationAdminMXBeanRegistrar.java:125] Application shutdown requested.
2018-06-09 22:12:04,048 INFO [RMI TCP Connection(2)-127.0.0.1] o.s.b.c.e.AnnotationConfigEmbeddedWebApplicationContext [AbstractApplicationContext.java:984] Closing org.springframework.boot.context.embedded.AnnotationConfigEmbeddedWebApplicationContext@b62fe6d: startup date [Sat Jun 09 22:03:37 KST 2018]; root of context hierarchy
2018-06-09 22:12:04,050 INFO [RMI TCP Connection(2)-127.0.0.1] o.s.j.e.a.AnnotationMBeanExporter [MBeanExporter.java:449] Unregistering JMX-exposed beans on shutdown
2018-06-09 22:26:01,895 INFO [main] o.s.b.t.c.SpringBootTestContextBootstrapper [AbstractTestContextBootstrapper.java:307] Neither @ContextConfiguration nor @ContextHierarchy found for test class [kr.ac.hansung.cse.HelloSpringBootApplicationTests], using SpringBootContextLoader
2018-06-09 22:26:01,901 INFO [main] o.s.t.c.s.AbstractContextLoader [AbstractContextLoader.java:264] Could not detect default resource locations for test class [kr.ac.hansung.cse.HelloSpringBootApplicationTests]: no resource found for suffixes {-context.xml, Context.groovy}.
2018-06-09 22:26:01,903 INFO [main] o.s.t.c.s.AnnotationConfigContextLoaderUtils [AnnotationConfigContextLoaderUtils.java:82] Could not detect default configuration classes for test class [kr.ac.hansung.cse.HelloSpringBootApplicationTests]: HelloSpringBootApplicationTests does not declare any static, non-private, non-final, nested classes annotated with @Configuration.
2018-06-09 22:26:02,003 INFO [main] o.s.b.t.c.SpringBootTestContextBootstrapper [SpringBootTestContextBootstrapper.java:206] Found @SpringBootConfiguration kr.ac.hansung.cse.HelloSpringBootApplication for test class kr.ac.hansung.cse.HelloSpringBootApplicationTests
2018-06-09 22:26:02,012 INFO [main] o.s.b.t.c.SpringBootTestContextBootstrapper [AbstractTestContextBootstrapper.java:248] Loaded default TestExecutionListener class names from location [META-INF/spring.factories]: [org.springframework.boot.test.mock.mockito.MockitoTestExecutionListener, org.springframework.boot.test.mock.mockito.ResetMocksTestExecutionListener, org.springframework.boot.test.autoconfigure.restdocs.RestDocsTestExecutionListener, org.springframework.boot.test.autoconfigure.web.client.MockRestServiceServerResetTestExecutionListener, org.springframework.boot.test.autoconfigure.web.servlet.MockMvcPrintOnlyOnFailureTestExecutionListener, org.springframework.boot.test.autoconfigure.web.servlet.WebDriverTestExecutionListener, org.springframework.test.context.web.ServletTestExecutionListener, org.springframework.test.context.support.DirtiesContextBeforeModesTestExecutionListener, org.springframework.test.context.support.DependencyInjectionTestExecutionListener, org.springframework.test.context.support.DirtiesContextTestExecutionListener, org.springframework.test.context.transaction.TransactionalTestExecutionListener, org.springframework.test.context.jdbc.SqlScriptsTestExecutionListener]
2018-06-09 22:26:02,026 INFO [main] o.s.b.t.c.SpringBootTestContextBootstrapper [AbstractTestContextBootstrapper.java:174] Using TestExecutionListeners: [org.springframework.test.context.web.ServletTestExecutionListener@2a32de6c, org.springframework.test.context.support.DirtiesContextBeforeModesTestExecutionListener@7692d9cc, org.springframework.boot.test.mock.mockito.MockitoTestExecutionListener@75f32542, org.springframework.boot.test.autoconfigure.SpringBootDependencyInjectionTestExecutionListener@7f1302d6, org.springframework.test.context.support.DirtiesContextTestExecutionListener@43ee72e6, org.springframework.boot.test.mock.mockito.ResetMocksTestExecutionListener@23529fee, org.springframework.boot.test.autoconfigure.restdocs.RestDocsTestExecutionListener@4fe767f3, org.springframework.boot.test.autoconfigure.web.client.MockRestServiceServerResetTestExecutionListener@2805c96b, org.springframework.boot.test.autoconfigure.web.servlet.MockMvcPrintOnlyOnFailureTestExecutionListener@184cf7cf, org.springframework.boot.test.autoconfigure.web.servlet.WebDriverTestExecutionListener@2fd6b6c7]
2018-06-09 22:26:02,034 INFO [main] o.s.b.t.c.SpringBootTestContextBootstrapper [AbstractTestContextBootstrapper.java:307] Neither @ContextConfiguration nor @ContextHierarchy found for test class [kr.ac.hansung.cse.HelloSpringBootApplicationTests], using SpringBootContextLoader
2018-06-09 22:26:02,036 INFO [main] o.s.t.c.s.AbstractContextLoader [AbstractContextLoader.java:264] Could not detect default resource locations for test class [kr.ac.hansung.cse.HelloSpringBootApplicationTests]: no resource found for suffixes {-context.xml, Context.groovy}.
2018-06-09 22:26:02,036 INFO [main] o.s.t.c.s.AnnotationConfigContextLoaderUtils [AnnotationConfigContextLoaderUtils.java:82] Could not detect default configuration classes for test class [kr.ac.hansung.cse.HelloSpringBootApplicationTests]: HelloSpringBootApplicationTests does not declare any static, non-private, non-final, nested classes annotated with @Configuration.
2018-06-09 22:26:02,042 INFO [main] o.s.b.t.c.SpringBootTestContextBootstrapper [SpringBootTestContextBootstrapper.java:206] Found @SpringBootConfiguration kr.ac.hansung.cse.HelloSpringBootApplication for test class kr.ac.hansung.cse.HelloSpringBootApplicationTests
2018-06-09 22:26:02,050 INFO [main] o.s.b.t.c.SpringBootTestContextBootstrapper [AbstractTestContextBootstrapper.java:248] Loaded default TestExecutionListener class names from location [META-INF/spring.factories]: [org.springframework.boot.test.mock.mockito.MockitoTestExecutionListener, org.springframework.boot.test.mock.mockito.ResetMocksTestExecutionListener, org.springframework.boot.test.autoconfigure.restdocs.RestDocsTestExecutionListener, org.springframework.boot.test.autoconfigure.web.client.MockRestServiceServerResetTestExecutionListener, org.springframework.boot.test.autoconfigure.web.servlet.MockMvcPrintOnlyOnFailureTestExecutionListener, org.springframework.boot.test.autoconfigure.web.servlet.WebDriverTestExecutionListener, org.springframework.test.context.web.ServletTestExecutionListener, org.springframework.test.context.support.DirtiesContextBeforeModesTestExecutionListener, org.springframework.test.context.support.DependencyInjectionTestExecutionListener, org.springframework.test.context.support.DirtiesContextTestExecutionListener, org.springframework.test.context.transaction.TransactionalTestExecutionListener, org.springframework.test.context.jdbc.SqlScriptsTestExecutionListener]
2018-06-09 22:26:02,055 INFO [main] o.s.b.t.c.SpringBootTestContextBootstrapper [AbstractTestContextBootstrapper.java:174] Using TestExecutionListeners: [org.springframework.test.context.web.ServletTestExecutionListener@7c469c48, org.springframework.test.context.support.DirtiesContextBeforeModesTestExecutionListener@12e61fe6, org.springframework.boot.test.mock.mockito.MockitoTestExecutionListener@7ee955a8, org.springframework.boot.test.autoconfigure.SpringBootDependencyInjectionTestExecutionListener@1677d1, org.springframework.test.context.support.DirtiesContextTestExecutionListener@48fa0f47, org.springframework.boot.test.mock.mockito.ResetMocksTestExecutionListener@6ac13091, org.springframework.boot.test.autoconfigure.restdocs.RestDocsTestExecutionListener@5e316c74, org.springframework.boot.test.autoconfigure.web.client.MockRestServiceServerResetTestExecutionListener@6d2a209c, org.springframework.boot.test.autoconfigure.web.servlet.MockMvcPrintOnlyOnFailureTestExecutionListener@75329a49, org.springframework.boot.test.autoconfigure.web.servlet.WebDriverTestExecutionListener@161479c6]
2018-06-09 22:26:02,391 INFO [main] k.a.h.c.HelloSpringBootApplicationTests [StartupInfoLogger.java:48] Starting HelloSpringBootApplicationTests on DESKTOP-D2QGEON with PID 15080 (started by lenovo in C:\dev\workspace\helloSpringBoot)
2018-06-09 22:26:02,392 DEBUG [main] k.a.h.c.HelloSpringBootApplicationTests [StartupInfoLogger.java:51] Running with Spring Boot v1.5.13.RELEASE, Spring v4.3.17.RELEASE
2018-06-09 22:26:02,393 INFO [main] k.a.h.c.HelloSpringBootApplicationTests [SpringApplication.java:593] No active profile set, falling back to default profiles: default
2018-06-09 22:26:02,571 INFO [main] o.s.w.c.s.GenericWebApplicationContext [AbstractApplicationContext.java:583] Refreshing org.springframework.web.context.support.GenericWebApplicationContext@7ea9e1e2: startup date [Sat Jun 09 22:26:02 KST 2018]; root of context hierarchy
2018-06-09 22:26:02,729 INFO [background-preinit] o.h.v.i.u.Version [Version.java:30] HV000001: Hibernate Validator 5.3.6.Final
2018-06-09 22:26:03,871 INFO [main] o.s.b.a.s.AuthenticationManagerConfiguration [AuthenticationManagerConfiguration.java:173] 

Using default security password: 99c5a0ee-047b-4907-95c4-a18a2d1d0612

2018-06-09 22:26:03,995 INFO [main] o.s.s.w.DefaultSecurityFilterChain [DefaultSecurityFilterChain.java:43] Creating filter chain: org.springframework.security.web.util.matcher.AnyRequestMatcher@1, [org.springframework.security.web.context.request.async.WebAsyncManagerIntegrationFilter@70e3f36f, org.springframework.security.web.context.SecurityContextPersistenceFilter@7ca0863b, org.springframework.security.web.header.HeaderWriterFilter@55b8dbda, org.springframework.security.web.authentication.logout.LogoutFilter@6f667ad1, org.springframework.security.web.savedrequest.RequestCacheAwareFilter@748fe51d, org.springframework.security.web.servletapi.SecurityContextHolderAwareRequestFilter@1ecfcbc9, org.springframework.security.web.authentication.AnonymousAuthenticationFilter@49601f82, org.springframework.security.web.session.SessionManagementFilter@7df60067, org.springframework.security.web.access.ExceptionTranslationFilter@64030b91, org.springframework.security.web.access.intercept.FilterSecurityInterceptor@281f23f2]
2018-06-09 22:26:04,341 INFO [main] o.s.w.s.m.m.a.RequestMappingHandlerAdapter [RequestMappingHandlerAdapter.java:534] Looking for @ControllerAdvice: org.springframework.web.context.support.GenericWebApplicationContext@7ea9e1e2: startup date [Sat Jun 09 22:26:02 KST 2018]; root of context hierarchy
2018-06-09 22:26:04,422 INFO [main] o.s.w.s.m.m.a.RequestMappingHandlerMapping [AbstractHandlerMethodMapping.java:543] Mapped "{[/],methods=[GET]}" onto public java.lang.String kr.ac.hansung.cse.controller.HomeController.home(org.springframework.ui.Model)
2018-06-09 22:26:04,426 INFO [main] o.s.w.s.m.m.a.RequestMappingHandlerMapping [AbstractHandlerMethodMapping.java:543] Mapped "{[/error]}" onto public org.springframework.http.ResponseEntity<java.util.Map<java.lang.String, java.lang.Object>> org.springframework.boot.autoconfigure.web.BasicErrorController.error(javax.servlet.http.HttpServletRequest)
2018-06-09 22:26:04,428 INFO [main] o.s.w.s.m.m.a.RequestMappingHandlerMapping [AbstractHandlerMethodMapping.java:543] Mapped "{[/error],produces=[text/html]}" onto public org.springframework.web.servlet.ModelAndView org.springframework.boot.autoconfigure.web.BasicErrorController.errorHtml(javax.servlet.http.HttpServletRequest,javax.servlet.http.HttpServletResponse)
2018-06-09 22:26:04,461 INFO [main] o.s.w.s.h.SimpleUrlHandlerMapping [AbstractUrlHandlerMapping.java:362] Mapped URL path [/webjars/**] onto handler of type [class org.springframework.web.servlet.resource.ResourceHttpRequestHandler]
2018-06-09 22:26:04,461 INFO [main] o.s.w.s.h.SimpleUrlHandlerMapping [AbstractUrlHandlerMapping.java:362] Mapped URL path [/**] onto handler of type [class org.springframework.web.servlet.resource.ResourceHttpRequestHandler]
2018-06-09 22:26:04,510 INFO [main] o.s.w.s.h.SimpleUrlHandlerMapping [AbstractUrlHandlerMapping.java:362] Mapped URL path [/**/favicon.ico] onto handler of type [class org.springframework.web.servlet.resource.ResourceHttpRequestHandler]
2018-06-09 22:26:04,949 INFO [main] k.a.h.c.HelloSpringBootApplicationTests [StartupInfoLogger.java:57] Started HelloSpringBootApplicationTests in 2.814 seconds (JVM running for 3.561)
2018-06-09 22:26:04,999 INFO [Thread-2] o.s.w.c.s.GenericWebApplicationContext [AbstractApplicationContext.java:984] Closing org.springframework.web.context.support.GenericWebApplicationContext@7ea9e1e2: startup date [Sat Jun 09 22:26:02 KST 2018]; root of context hierarchy
2018-06-10 00:39:25,999 INFO [main] k.a.h.c.HelloSpringBootApplication [StartupInfoLogger.java:48] Starting HelloSpringBootApplication on DESKTOP-D2QGEON with PID 13604 (C:\dev\workspace\helloSpringBoot\target\classes started by lenovo in C:\dev\workspace\helloSpringBoot)
2018-06-10 00:39:26,002 DEBUG [main] k.a.h.c.HelloSpringBootApplication [StartupInfoLogger.java:51] Running with Spring Boot v1.5.13.RELEASE, Spring v4.3.17.RELEASE
2018-06-10 00:39:26,002 INFO [main] k.a.h.c.HelloSpringBootApplication [SpringApplication.java:593] No active profile set, falling back to default profiles: default
2018-06-10 00:39:26,181 INFO [background-preinit] o.h.v.i.u.Version [Version.java:30] HV000001: Hibernate Validator 5.3.6.Final
2018-06-10 00:39:26,210 INFO [main] o.s.b.c.e.AnnotationConfigEmbeddedWebApplicationContext [AbstractApplicationContext.java:583] Refreshing org.springframework.boot.context.embedded.AnnotationConfigEmbeddedWebApplicationContext@2805c96b: startup date [Sun Jun 10 00:39:26 KST 2018]; root of context hierarchy
2018-06-10 00:39:27,167 INFO [main] o.s.c.s.PostProcessorRegistrationDelegate$BeanPostProcessorChecker [PostProcessorRegistrationDelegate.java:327] Bean 'org.springframework.transaction.annotation.ProxyTransactionManagementConfiguration' of type [org.springframework.transaction.annotation.ProxyTransactionManagementConfiguration$$EnhancerBySpringCGLIB$$98a3377c] is not eligible for getting processed by all BeanPostProcessors (for example: not eligible for auto-proxying)
2018-06-10 00:39:27,601 INFO [main] o.s.b.c.e.t.TomcatEmbeddedServletContainer [TomcatEmbeddedServletContainer.java:92] Tomcat initialized with port(s): 9000 (http)
2018-06-10 00:39:27,620 INFO [main] o.a.c.h.Http11NioProtocol [DirectJDKLog.java:180] Initializing ProtocolHandler ["http-nio-9000"]
2018-06-10 00:39:27,629 INFO [main] o.a.c.c.StandardService [DirectJDKLog.java:180] Starting service [Tomcat]
2018-06-10 00:39:27,630 INFO [main] o.a.c.c.StandardEngine [DirectJDKLog.java:180] Starting Servlet Engine: Apache Tomcat/8.5.31
2018-06-10 00:39:27,747 INFO [localhost-startStop-1] o.a.c.c.C.[.[.[/] [DirectJDKLog.java:180] Initializing Spring embedded WebApplicationContext
2018-06-10 00:39:27,747 INFO [localhost-startStop-1] o.s.w.c.ContextLoader [EmbeddedWebApplicationContext.java:276] Root WebApplicationContext: initialization completed in 1540 ms
2018-06-10 00:39:27,954 INFO [localhost-startStop-1] o.s.b.w.s.FilterRegistrationBean [AbstractFilterRegistrationBean.java:258] Mapping filter: 'characterEncodingFilter' to: [/*]
2018-06-10 00:39:27,955 INFO [localhost-startStop-1] o.s.b.w.s.FilterRegistrationBean [AbstractFilterRegistrationBean.java:258] Mapping filter: 'hiddenHttpMethodFilter' to: [/*]
2018-06-10 00:39:27,955 INFO [localhost-startStop-1] o.s.b.w.s.FilterRegistrationBean [AbstractFilterRegistrationBean.java:258] Mapping filter: 'httpPutFormContentFilter' to: [/*]
2018-06-10 00:39:27,955 INFO [localhost-startStop-1] o.s.b.w.s.FilterRegistrationBean [AbstractFilterRegistrationBean.java:258] Mapping filter: 'requestContextFilter' to: [/*]
2018-06-10 00:39:27,956 INFO [localhost-startStop-1] o.s.b.w.s.DelegatingFilterProxyRegistrationBean [AbstractFilterRegistrationBean.java:258] Mapping filter: 'springSecurityFilterChain' to: [/*]
2018-06-10 00:39:27,956 INFO [localhost-startStop-1] o.s.b.w.s.ServletRegistrationBean [ServletRegistrationBean.java:190] Mapping servlet: 'dispatcherServlet' to [/]
2018-06-10 00:39:28,505 INFO [main] o.s.o.j.LocalContainerEntityManagerFactoryBean [LocalContainerEntityManagerFactoryBean.java:356] Building JPA container EntityManagerFactory for persistence unit 'default'
2018-06-10 00:39:28,525 INFO [main] o.h.j.i.u.LogHelper [LogHelper.java:31] HHH000204: Processing PersistenceUnitInfo [
	name: default
	...]
2018-06-10 00:39:28,640 INFO [main] o.h.Version [Version.java:37] HHH000412: Hibernate Core {5.0.12.Final}
2018-06-10 00:39:28,642 INFO [main] o.h.c.Environment [Environment.java:213] HHH000206: hibernate.properties not found
2018-06-10 00:39:28,646 INFO [main] o.h.c.Environment [Environment.java:317] HHH000021: Bytecode provider name : javassist
2018-06-10 00:39:28,702 INFO [main] o.h.a.c.Version [JavaReflectionManager.java:66] HCANN000001: Hibernate Commons Annotations {5.0.1.Final}
2018-06-10 00:39:28,800 INFO [main] o.h.d.Dialect [Dialect.java:156] HHH000400: Using dialect: org.hibernate.dialect.MySQL5Dialect
2018-06-10 00:39:29,264 INFO [main] o.h.t.h.SchemaExport [SchemaExport.java:400] HHH000227: Running hbm2ddl schema export
2018-06-10 00:39:29,301 INFO [main] o.h.t.h.SchemaExport [SchemaExport.java:464] HHH000230: Schema export complete
2018-06-10 00:39:29,328 INFO [main] o.s.o.j.LocalContainerEntityManagerFactoryBean [AbstractEntityManagerFactoryBean.java:414] Initialized JPA EntityManagerFactory for persistence unit 'default'
2018-06-10 00:39:29,547 INFO [main] o.s.b.a.s.AuthenticationManagerConfiguration [AuthenticationManagerConfiguration.java:173] 

Using default security password: 28a2d851-f378-45e8-8b6b-a1708a25a1aa

2018-06-10 00:39:29,666 INFO [main] o.s.s.w.DefaultSecurityFilterChain [DefaultSecurityFilterChain.java:43] Creating filter chain: org.springframework.security.web.util.matcher.AnyRequestMatcher@1, [org.springframework.security.web.context.request.async.WebAsyncManagerIntegrationFilter@7a1b8a46, org.springframework.security.web.context.SecurityContextPersistenceFilter@331ff3ac, org.springframework.security.web.header.HeaderWriterFilter@5a7df831, org.springframework.security.web.authentication.logout.LogoutFilter@576b7c74, org.springframework.security.web.savedrequest.RequestCacheAwareFilter@2785db06, org.springframework.security.web.servletapi.SecurityContextHolderAwareRequestFilter@3bc69ce9, org.springframework.security.web.authentication.AnonymousAuthenticationFilter@2921199d, org.springframework.security.web.session.SessionManagementFilter@6cae2e4d, org.springframework.security.web.access.ExceptionTranslationFilter@69de5bed, org.springframework.security.web.access.intercept.FilterSecurityInterceptor@1e8fb66f]
2018-06-10 00:39:30,122 INFO [main] o.s.w.s.m.m.a.RequestMappingHandlerAdapter [RequestMappingHandlerAdapter.java:534] Looking for @ControllerAdvice: org.springframework.boot.context.embedded.AnnotationConfigEmbeddedWebApplicationContext@2805c96b: startup date [Sun Jun 10 00:39:26 KST 2018]; root of context hierarchy
2018-06-10 00:39:30,189 INFO [main] o.s.w.s.m.m.a.RequestMappingHandlerMapping [AbstractHandlerMethodMapping.java:543] Mapped "{[/],methods=[GET]}" onto public java.lang.String kr.ac.hansung.cse.controller.HomeController.home(org.springframework.ui.Model)
2018-06-10 00:39:30,193 INFO [main] o.s.w.s.m.m.a.RequestMappingHandlerMapping [AbstractHandlerMethodMapping.java:543] Mapped "{[/error]}" onto public org.springframework.http.ResponseEntity<java.util.Map<java.lang.String, java.lang.Object>> org.springframework.boot.autoconfigure.web.BasicErrorController.error(javax.servlet.http.HttpServletRequest)
2018-06-10 00:39:30,193 INFO [main] o.s.w.s.m.m.a.RequestMappingHandlerMapping [AbstractHandlerMethodMapping.java:543] Mapped "{[/error],produces=[text/html]}" onto public org.springframework.web.servlet.ModelAndView org.springframework.boot.autoconfigure.web.BasicErrorController.errorHtml(javax.servlet.http.HttpServletRequest,javax.servlet.http.HttpServletResponse)
2018-06-10 00:39:30,228 INFO [main] o.s.w.s.h.SimpleUrlHandlerMapping [AbstractUrlHandlerMapping.java:362] Mapped URL path [/webjars/**] onto handler of type [class org.springframework.web.servlet.resource.ResourceHttpRequestHandler]
2018-06-10 00:39:30,229 INFO [main] o.s.w.s.h.SimpleUrlHandlerMapping [AbstractUrlHandlerMapping.java:362] Mapped URL path [/**] onto handler of type [class org.springframework.web.servlet.resource.ResourceHttpRequestHandler]
2018-06-10 00:39:30,262 INFO [main] o.s.w.s.h.SimpleUrlHandlerMapping [AbstractUrlHandlerMapping.java:362] Mapped URL path [/**/favicon.ico] onto handler of type [class org.springframework.web.servlet.resource.ResourceHttpRequestHandler]
2018-06-10 00:39:30,749 INFO [main] o.s.j.e.a.AnnotationMBeanExporter [MBeanExporter.java:431] Registering beans for JMX exposure on startup
2018-06-10 00:39:30,760 INFO [main] o.a.c.h.Http11NioProtocol [DirectJDKLog.java:180] Starting ProtocolHandler ["http-nio-9000"]
2018-06-10 00:39:30,778 INFO [main] o.a.t.u.n.NioSelectorPool [DirectJDKLog.java:180] Using a shared selector for servlet write/read
2018-06-10 00:39:30,789 INFO [main] o.s.b.c.e.t.TomcatEmbeddedServletContainer [TomcatEmbeddedServletContainer.java:216] Tomcat started on port(s): 9000 (http)
2018-06-10 00:39:30,794 INFO [main] k.a.h.c.HelloSpringBootApplication [StartupInfoLogger.java:57] Started HelloSpringBootApplication in 5.026 seconds (JVM running for 5.938)
2018-06-10 00:41:20,931 INFO [RMI TCP Connection(2)-127.0.0.1] o.s.b.a.SpringApplicationAdminMXBeanRegistrar$SpringApplicationAdmin [SpringApplicationAdminMXBeanRegistrar.java:125] Application shutdown requested.
2018-06-10 00:41:20,932 INFO [RMI TCP Connection(2)-127.0.0.1] o.s.b.c.e.AnnotationConfigEmbeddedWebApplicationContext [AbstractApplicationContext.java:984] Closing org.springframework.boot.context.embedded.AnnotationConfigEmbeddedWebApplicationContext@2805c96b: startup date [Sun Jun 10 00:39:26 KST 2018]; root of context hierarchy
2018-06-10 00:41:20,935 INFO [RMI TCP Connection(2)-127.0.0.1] o.s.j.e.a.AnnotationMBeanExporter [MBeanExporter.java:449] Unregistering JMX-exposed beans on shutdown
2018-06-10 00:41:20,936 INFO [RMI TCP Connection(2)-127.0.0.1] o.s.o.j.LocalContainerEntityManagerFactoryBean [AbstractEntityManagerFactoryBean.java:590] Closing JPA EntityManagerFactory for persistence unit 'default'
2018-06-10 00:41:24,064 INFO [main] k.a.h.c.HelloSpringBootApplication [StartupInfoLogger.java:48] Starting HelloSpringBootApplication on DESKTOP-D2QGEON with PID 1256 (C:\dev\workspace\helloSpringBoot\target\classes started by lenovo in C:\dev\workspace\helloSpringBoot)
2018-06-10 00:41:24,066 DEBUG [main] k.a.h.c.HelloSpringBootApplication [StartupInfoLogger.java:51] Running with Spring Boot v1.5.13.RELEASE, Spring v4.3.17.RELEASE
2018-06-10 00:41:24,067 INFO [main] k.a.h.c.HelloSpringBootApplication [SpringApplication.java:593] No active profile set, falling back to default profiles: default
2018-06-10 00:41:24,218 INFO [background-preinit] o.h.v.i.u.Version [Version.java:30] HV000001: Hibernate Validator 5.3.6.Final
2018-06-10 00:41:24,248 INFO [main] o.s.b.c.e.AnnotationConfigEmbeddedWebApplicationContext [AbstractApplicationContext.java:583] Refreshing org.springframework.boot.context.embedded.AnnotationConfigEmbeddedWebApplicationContext@2805c96b: startup date [Sun Jun 10 00:41:24 KST 2018]; root of context hierarchy
2018-06-10 00:41:25,167 INFO [main] o.s.c.s.PostProcessorRegistrationDelegate$BeanPostProcessorChecker [PostProcessorRegistrationDelegate.java:327] Bean 'org.springframework.transaction.annotation.ProxyTransactionManagementConfiguration' of type [org.springframework.transaction.annotation.ProxyTransactionManagementConfiguration$$EnhancerBySpringCGLIB$$9092473a] is not eligible for getting processed by all BeanPostProcessors (for example: not eligible for auto-proxying)
2018-06-10 00:41:25,546 INFO [main] o.s.b.c.e.t.TomcatEmbeddedServletContainer [TomcatEmbeddedServletContainer.java:92] Tomcat initialized with port(s): 9000 (http)
2018-06-10 00:41:25,561 INFO [main] o.a.c.h.Http11NioProtocol [DirectJDKLog.java:180] Initializing ProtocolHandler ["http-nio-9000"]
2018-06-10 00:41:25,576 INFO [main] o.a.c.c.StandardService [DirectJDKLog.java:180] Starting service [Tomcat]
2018-06-10 00:41:25,577 INFO [main] o.a.c.c.StandardEngine [DirectJDKLog.java:180] Starting Servlet Engine: Apache Tomcat/8.5.31
2018-06-10 00:41:25,752 INFO [localhost-startStop-1] o.a.c.c.C.[.[.[/] [DirectJDKLog.java:180] Initializing Spring embedded WebApplicationContext
2018-06-10 00:41:25,754 INFO [localhost-startStop-1] o.s.w.c.ContextLoader [EmbeddedWebApplicationContext.java:276] Root WebApplicationContext: initialization completed in 1512 ms
2018-06-10 00:41:25,974 INFO [localhost-startStop-1] o.s.b.w.s.FilterRegistrationBean [AbstractFilterRegistrationBean.java:258] Mapping filter: 'characterEncodingFilter' to: [/*]
2018-06-10 00:41:25,977 INFO [localhost-startStop-1] o.s.b.w.s.FilterRegistrationBean [AbstractFilterRegistrationBean.java:258] Mapping filter: 'hiddenHttpMethodFilter' to: [/*]
2018-06-10 00:41:25,978 INFO [localhost-startStop-1] o.s.b.w.s.FilterRegistrationBean [AbstractFilterRegistrationBean.java:258] Mapping filter: 'httpPutFormContentFilter' to: [/*]
2018-06-10 00:41:25,978 INFO [localhost-startStop-1] o.s.b.w.s.FilterRegistrationBean [AbstractFilterRegistrationBean.java:258] Mapping filter: 'requestContextFilter' to: [/*]
2018-06-10 00:41:25,979 INFO [localhost-startStop-1] o.s.b.w.s.DelegatingFilterProxyRegistrationBean [AbstractFilterRegistrationBean.java:258] Mapping filter: 'springSecurityFilterChain' to: [/*]
2018-06-10 00:41:25,980 INFO [localhost-startStop-1] o.s.b.w.s.ServletRegistrationBean [ServletRegistrationBean.java:190] Mapping servlet: 'dispatcherServlet' to [/]
2018-06-10 00:41:26,507 INFO [main] o.s.o.j.LocalContainerEntityManagerFactoryBean [LocalContainerEntityManagerFactoryBean.java:356] Building JPA container EntityManagerFactory for persistence unit 'default'
2018-06-10 00:41:26,522 INFO [main] o.h.j.i.u.LogHelper [LogHelper.java:31] HHH000204: Processing PersistenceUnitInfo [
	name: default
	...]
2018-06-10 00:41:26,582 INFO [main] o.h.Version [Version.java:37] HHH000412: Hibernate Core {5.0.12.Final}
2018-06-10 00:41:26,583 INFO [main] o.h.c.Environment [Environment.java:213] HHH000206: hibernate.properties not found
2018-06-10 00:41:26,584 INFO [main] o.h.c.Environment [Environment.java:317] HHH000021: Bytecode provider name : javassist
2018-06-10 00:41:26,625 INFO [main] o.h.a.c.Version [JavaReflectionManager.java:66] HCANN000001: Hibernate Commons Annotations {5.0.1.Final}
2018-06-10 00:41:26,731 INFO [main] o.h.d.Dialect [Dialect.java:156] HHH000400: Using dialect: org.hibernate.dialect.MySQL5Dialect
2018-06-10 00:41:27,194 INFO [main] o.h.t.h.SchemaExport [SchemaExport.java:400] HHH000227: Running hbm2ddl schema export
2018-06-10 00:41:27,238 INFO [main] o.h.t.h.SchemaExport [SchemaExport.java:464] HHH000230: Schema export complete
2018-06-10 00:41:27,256 INFO [main] o.s.o.j.LocalContainerEntityManagerFactoryBean [AbstractEntityManagerFactoryBean.java:414] Initialized JPA EntityManagerFactory for persistence unit 'default'
2018-06-10 00:41:27,459 INFO [main] o.s.b.a.s.AuthenticationManagerConfiguration [AuthenticationManagerConfiguration.java:173] 

Using default security password: ef24fc8b-788d-4ada-b339-32862e508d17

2018-06-10 00:41:27,565 INFO [main] o.s.s.w.DefaultSecurityFilterChain [DefaultSecurityFilterChain.java:43] Creating filter chain: org.springframework.security.web.util.matcher.AnyRequestMatcher@1, [org.springframework.security.web.context.request.async.WebAsyncManagerIntegrationFilter@59fc6d05, org.springframework.security.web.context.SecurityContextPersistenceFilter@35d60381, org.springframework.security.web.header.HeaderWriterFilter@19fd43da, org.springframework.security.web.authentication.logout.LogoutFilter@7a9ceddf, org.springframework.security.web.savedrequest.RequestCacheAwareFilter@61ffd148, org.springframework.security.web.servletapi.SecurityContextHolderAwareRequestFilter@4dfe8b37, org.springframework.security.web.authentication.AnonymousAuthenticationFilter@78307a56, org.springframework.security.web.session.SessionManagementFilter@2e5e6fc4, org.springframework.security.web.access.ExceptionTranslationFilter@545b5ed0, org.springframework.security.web.access.intercept.FilterSecurityInterceptor@1ca610a0]
2018-06-10 00:41:27,811 INFO [main] o.s.j.d.i.ScriptUtils [ScriptUtils.java:443] Executing SQL script from URL [file:/C:/dev/workspace/helloSpringBoot/target/classes/data.sql]
2018-06-10 00:41:27,834 INFO [main] o.s.j.d.i.ScriptUtils [ScriptUtils.java:509] Executed SQL script from URL [file:/C:/dev/workspace/helloSpringBoot/target/classes/data.sql] in 22 ms.
2018-06-10 00:41:28,098 INFO [main] o.s.w.s.m.m.a.RequestMappingHandlerAdapter [RequestMappingHandlerAdapter.java:534] Looking for @ControllerAdvice: org.springframework.boot.context.embedded.AnnotationConfigEmbeddedWebApplicationContext@2805c96b: startup date [Sun Jun 10 00:41:24 KST 2018]; root of context hierarchy
2018-06-10 00:41:28,167 INFO [main] o.s.w.s.m.m.a.RequestMappingHandlerMapping [AbstractHandlerMethodMapping.java:543] Mapped "{[/],methods=[GET]}" onto public java.lang.String kr.ac.hansung.cse.controller.HomeController.home(org.springframework.ui.Model)
2018-06-10 00:41:28,173 INFO [main] o.s.w.s.m.m.a.RequestMappingHandlerMapping [AbstractHandlerMethodMapping.java:543] Mapped "{[/error]}" onto public org.springframework.http.ResponseEntity<java.util.Map<java.lang.String, java.lang.Object>> org.springframework.boot.autoconfigure.web.BasicErrorController.error(javax.servlet.http.HttpServletRequest)
2018-06-10 00:41:28,174 INFO [main] o.s.w.s.m.m.a.RequestMappingHandlerMapping [AbstractHandlerMethodMapping.java:543] Mapped "{[/error],produces=[text/html]}" onto public org.springframework.web.servlet.ModelAndView org.springframework.boot.autoconfigure.web.BasicErrorController.errorHtml(javax.servlet.http.HttpServletRequest,javax.servlet.http.HttpServletResponse)
2018-06-10 00:41:28,220 INFO [main] o.s.w.s.h.SimpleUrlHandlerMapping [AbstractUrlHandlerMapping.java:362] Mapped URL path [/webjars/**] onto handler of type [class org.springframework.web.servlet.resource.ResourceHttpRequestHandler]
2018-06-10 00:41:28,220 INFO [main] o.s.w.s.h.SimpleUrlHandlerMapping [AbstractUrlHandlerMapping.java:362] Mapped URL path [/**] onto handler of type [class org.springframework.web.servlet.resource.ResourceHttpRequestHandler]
2018-06-10 00:41:28,277 INFO [main] o.s.w.s.h.SimpleUrlHandlerMapping [AbstractUrlHandlerMapping.java:362] Mapped URL path [/**/favicon.ico] onto handler of type [class org.springframework.web.servlet.resource.ResourceHttpRequestHandler]
2018-06-10 00:41:28,809 INFO [main] o.s.j.e.a.AnnotationMBeanExporter [MBeanExporter.java:431] Registering beans for JMX exposure on startup
2018-06-10 00:41:28,826 INFO [main] o.a.c.h.Http11NioProtocol [DirectJDKLog.java:180] Starting ProtocolHandler ["http-nio-9000"]
2018-06-10 00:41:28,836 INFO [main] o.a.t.u.n.NioSelectorPool [DirectJDKLog.java:180] Using a shared selector for servlet write/read
2018-06-10 00:41:28,846 INFO [main] o.s.b.c.e.t.TomcatEmbeddedServletContainer [TomcatEmbeddedServletContainer.java:216] Tomcat started on port(s): 9000 (http)
2018-06-10 00:41:28,850 INFO [main] k.a.h.c.HelloSpringBootApplication [StartupInfoLogger.java:57] Started HelloSpringBootApplication in 4.988 seconds (JVM running for 5.923)
2018-06-10 00:46:32,721 INFO [RMI TCP Connection(2)-127.0.0.1] o.s.b.a.SpringApplicationAdminMXBeanRegistrar$SpringApplicationAdmin [SpringApplicationAdminMXBeanRegistrar.java:125] Application shutdown requested.
2018-06-10 00:46:32,721 INFO [RMI TCP Connection(2)-127.0.0.1] o.s.b.c.e.AnnotationConfigEmbeddedWebApplicationContext [AbstractApplicationContext.java:984] Closing org.springframework.boot.context.embedded.AnnotationConfigEmbeddedWebApplicationContext@2805c96b: startup date [Sun Jun 10 00:41:24 KST 2018]; root of context hierarchy
2018-06-10 00:46:32,723 INFO [RMI TCP Connection(2)-127.0.0.1] o.s.j.e.a.AnnotationMBeanExporter [MBeanExporter.java:449] Unregistering JMX-exposed beans on shutdown
2018-06-10 00:46:32,725 INFO [RMI TCP Connection(2)-127.0.0.1] o.s.o.j.LocalContainerEntityManagerFactoryBean [AbstractEntityManagerFactoryBean.java:590] Closing JPA EntityManagerFactory for persistence unit 'default'
2018-06-10 00:46:35,635 INFO [main] k.a.h.c.HelloSpringBootApplication [StartupInfoLogger.java:48] Starting HelloSpringBootApplication on DESKTOP-D2QGEON with PID 14316 (C:\dev\workspace\helloSpringBoot\target\classes started by lenovo in C:\dev\workspace\helloSpringBoot)
2018-06-10 00:46:35,637 DEBUG [main] k.a.h.c.HelloSpringBootApplication [StartupInfoLogger.java:51] Running with Spring Boot v1.5.13.RELEASE, Spring v4.3.17.RELEASE
2018-06-10 00:46:35,638 INFO [main] k.a.h.c.HelloSpringBootApplication [SpringApplication.java:593] No active profile set, falling back to default profiles: default
2018-06-10 00:46:35,809 INFO [background-preinit] o.h.v.i.u.Version [Version.java:30] HV000001: Hibernate Validator 5.3.6.Final
2018-06-10 00:46:35,843 INFO [main] o.s.b.c.e.AnnotationConfigEmbeddedWebApplicationContext [AbstractApplicationContext.java:583] Refreshing org.springframework.boot.context.embedded.AnnotationConfigEmbeddedWebApplicationContext@2805c96b: startup date [Sun Jun 10 00:46:35 KST 2018]; root of context hierarchy
2018-06-10 00:46:36,814 INFO [main] o.s.c.s.PostProcessorRegistrationDelegate$BeanPostProcessorChecker [PostProcessorRegistrationDelegate.java:327] Bean 'org.springframework.transaction.annotation.ProxyTransactionManagementConfiguration' of type [org.springframework.transaction.annotation.ProxyTransactionManagementConfiguration$$EnhancerBySpringCGLIB$$24a84fad] is not eligible for getting processed by all BeanPostProcessors (for example: not eligible for auto-proxying)
2018-06-10 00:46:37,163 INFO [main] o.s.b.c.e.t.TomcatEmbeddedServletContainer [TomcatEmbeddedServletContainer.java:92] Tomcat initialized with port(s): 9000 (http)
2018-06-10 00:46:37,177 INFO [main] o.a.c.h.Http11NioProtocol [DirectJDKLog.java:180] Initializing ProtocolHandler ["http-nio-9000"]
2018-06-10 00:46:37,185 INFO [main] o.a.c.c.StandardService [DirectJDKLog.java:180] Starting service [Tomcat]
2018-06-10 00:46:37,185 INFO [main] o.a.c.c.StandardEngine [DirectJDKLog.java:180] Starting Servlet Engine: Apache Tomcat/8.5.31
2018-06-10 00:46:37,283 INFO [localhost-startStop-1] o.a.c.c.C.[.[.[/] [DirectJDKLog.java:180] Initializing Spring embedded WebApplicationContext
2018-06-10 00:46:37,283 INFO [localhost-startStop-1] o.s.w.c.ContextLoader [EmbeddedWebApplicationContext.java:276] Root WebApplicationContext: initialization completed in 1442 ms
2018-06-10 00:46:37,455 INFO [localhost-startStop-1] o.s.b.w.s.FilterRegistrationBean [AbstractFilterRegistrationBean.java:258] Mapping filter: 'characterEncodingFilter' to: [/*]
2018-06-10 00:46:37,456 INFO [localhost-startStop-1] o.s.b.w.s.FilterRegistrationBean [AbstractFilterRegistrationBean.java:258] Mapping filter: 'hiddenHttpMethodFilter' to: [/*]
2018-06-10 00:46:37,456 INFO [localhost-startStop-1] o.s.b.w.s.FilterRegistrationBean [AbstractFilterRegistrationBean.java:258] Mapping filter: 'httpPutFormContentFilter' to: [/*]
2018-06-10 00:46:37,456 INFO [localhost-startStop-1] o.s.b.w.s.FilterRegistrationBean [AbstractFilterRegistrationBean.java:258] Mapping filter: 'requestContextFilter' to: [/*]
2018-06-10 00:46:37,457 INFO [localhost-startStop-1] o.s.b.w.s.DelegatingFilterProxyRegistrationBean [AbstractFilterRegistrationBean.java:258] Mapping filter: 'springSecurityFilterChain' to: [/*]
2018-06-10 00:46:37,458 INFO [localhost-startStop-1] o.s.b.w.s.ServletRegistrationBean [ServletRegistrationBean.java:190] Mapping servlet: 'dispatcherServlet' to [/]
2018-06-10 00:46:37,960 INFO [main] o.s.o.j.LocalContainerEntityManagerFactoryBean [LocalContainerEntityManagerFactoryBean.java:356] Building JPA container EntityManagerFactory for persistence unit 'default'
2018-06-10 00:46:37,972 INFO [main] o.h.j.i.u.LogHelper [LogHelper.java:31] HHH000204: Processing PersistenceUnitInfo [
	name: default
	...]
2018-06-10 00:46:38,042 INFO [main] o.h.Version [Version.java:37] HHH000412: Hibernate Core {5.0.12.Final}
2018-06-10 00:46:38,044 INFO [main] o.h.c.Environment [Environment.java:213] HHH000206: hibernate.properties not found
2018-06-10 00:46:38,046 INFO [main] o.h.c.Environment [Environment.java:317] HHH000021: Bytecode provider name : javassist
2018-06-10 00:46:38,090 INFO [main] o.h.a.c.Version [JavaReflectionManager.java:66] HCANN000001: Hibernate Commons Annotations {5.0.1.Final}
2018-06-10 00:46:38,199 INFO [main] o.h.d.Dialect [Dialect.java:156] HHH000400: Using dialect: org.hibernate.dialect.MySQL5Dialect
2018-06-10 00:46:38,615 INFO [main] o.h.t.h.SchemaExport [SchemaExport.java:400] HHH000227: Running hbm2ddl schema export
2018-06-10 00:46:38,652 INFO [main] o.h.t.h.SchemaExport [SchemaExport.java:464] HHH000230: Schema export complete
2018-06-10 00:46:38,682 INFO [main] o.s.o.j.LocalContainerEntityManagerFactoryBean [AbstractEntityManagerFactoryBean.java:414] Initialized JPA EntityManagerFactory for persistence unit 'default'
2018-06-10 00:46:38,838 INFO [main] o.s.j.d.i.ScriptUtils [ScriptUtils.java:443] Executing SQL script from URL [file:/C:/dev/workspace/helloSpringBoot/target/classes/data.sql]
2018-06-10 00:46:38,848 INFO [main] o.s.j.d.i.ScriptUtils [ScriptUtils.java:509] Executed SQL script from URL [file:/C:/dev/workspace/helloSpringBoot/target/classes/data.sql] in 9 ms.
2018-06-10 00:46:39,099 INFO [main] o.s.b.a.s.AuthenticationManagerConfiguration [AuthenticationManagerConfiguration.java:173] 

Using default security password: 8890d5d7-9ac6-4a50-9497-6cf891beb50c

2018-06-10 00:46:39,201 INFO [main] o.s.s.w.DefaultSecurityFilterChain [DefaultSecurityFilterChain.java:43] Creating filter chain: org.springframework.security.web.util.matcher.AnyRequestMatcher@1, [org.springframework.security.web.context.request.async.WebAsyncManagerIntegrationFilter@7c46c9c3, org.springframework.security.web.context.SecurityContextPersistenceFilter@6b415f5f, org.springframework.security.web.header.HeaderWriterFilter@6d963d70, org.springframework.security.web.authentication.logout.LogoutFilter@794eeaf8, org.springframework.security.web.savedrequest.RequestCacheAwareFilter@7135ce0a, org.springframework.security.web.servletapi.SecurityContextHolderAwareRequestFilter@19dc0d32, org.springframework.security.web.authentication.AnonymousAuthenticationFilter@7197b07f, org.springframework.security.web.session.SessionManagementFilter@44592c39, org.springframework.security.web.access.ExceptionTranslationFilter@73e776b7, org.springframework.security.web.access.intercept.FilterSecurityInterceptor@20d19f2c]
2018-06-10 00:46:39,458 INFO [main] o.s.w.s.m.m.a.RequestMappingHandlerAdapter [RequestMappingHandlerAdapter.java:534] Looking for @ControllerAdvice: org.springframework.boot.context.embedded.AnnotationConfigEmbeddedWebApplicationContext@2805c96b: startup date [Sun Jun 10 00:46:35 KST 2018]; root of context hierarchy
2018-06-10 00:46:39,518 INFO [main] o.s.w.s.m.m.a.RequestMappingHandlerMapping [AbstractHandlerMethodMapping.java:543] Mapped "{[/api/customers],methods=[GET],produces=[application/json]}" onto public org.springframework.http.ResponseEntity<java.util.List<kr.ac.hansung.cse.model.Customer>> kr.ac.hansung.cse.controller.CustomerController.getAll()
2018-06-10 00:46:39,520 INFO [main] o.s.w.s.m.m.a.RequestMappingHandlerMapping [AbstractHandlerMethodMapping.java:543] Mapped "{[/api/customers/{lastName}],methods=[GET],produces=[application/json]}" onto public org.springframework.http.ResponseEntity<java.util.List<kr.ac.hansung.cse.model.Customer>> kr.ac.hansung.cse.controller.CustomerController.findByLastName(java.lang.String)
2018-06-10 00:46:39,520 INFO [main] o.s.w.s.m.m.a.RequestMappingHandlerMapping [AbstractHandlerMethodMapping.java:543] Mapped "{[/api/customers/{id}],methods=[DELETE]}" onto public org.springframework.http.ResponseEntity<java.lang.Void> kr.ac.hansung.cse.controller.CustomerController.deleteCustomer(long)
2018-06-10 00:46:39,521 INFO [main] o.s.w.s.m.m.a.RequestMappingHandlerMapping [AbstractHandlerMethodMapping.java:543] Mapped "{[/api/customers],methods=[POST]}" onto public org.springframework.http.ResponseEntity<java.lang.Void> kr.ac.hansung.cse.controller.CustomerController.postCustomer(kr.ac.hansung.cse.model.Customer)
2018-06-10 00:46:39,521 INFO [main] o.s.w.s.m.m.a.RequestMappingHandlerMapping [AbstractHandlerMethodMapping.java:543] Mapped "{[/],methods=[GET]}" onto public java.lang.String kr.ac.hansung.cse.controller.HomeController.home(org.springframework.ui.Model)
2018-06-10 00:46:39,522 INFO [main] o.s.w.s.m.m.a.RequestMappingHandlerMapping [AbstractHandlerMethodMapping.java:543] Mapped "{[/error]}" onto public org.springframework.http.ResponseEntity<java.util.Map<java.lang.String, java.lang.Object>> org.springframework.boot.autoconfigure.web.BasicErrorController.error(javax.servlet.http.HttpServletRequest)
2018-06-10 00:46:39,523 INFO [main] o.s.w.s.m.m.a.RequestMappingHandlerMapping [AbstractHandlerMethodMapping.java:543] Mapped "{[/error],produces=[text/html]}" onto public org.springframework.web.servlet.ModelAndView org.springframework.boot.autoconfigure.web.BasicErrorController.errorHtml(javax.servlet.http.HttpServletRequest,javax.servlet.http.HttpServletResponse)
2018-06-10 00:46:39,557 INFO [main] o.s.w.s.h.SimpleUrlHandlerMapping [AbstractUrlHandlerMapping.java:362] Mapped URL path [/webjars/**] onto handler of type [class org.springframework.web.servlet.resource.ResourceHttpRequestHandler]
2018-06-10 00:46:39,557 INFO [main] o.s.w.s.h.SimpleUrlHandlerMapping [AbstractUrlHandlerMapping.java:362] Mapped URL path [/**] onto handler of type [class org.springframework.web.servlet.resource.ResourceHttpRequestHandler]
2018-06-10 00:46:39,593 INFO [main] o.s.w.s.h.SimpleUrlHandlerMapping [AbstractUrlHandlerMapping.java:362] Mapped URL path [/**/favicon.ico] onto handler of type [class org.springframework.web.servlet.resource.ResourceHttpRequestHandler]
2018-06-10 00:46:40,053 INFO [main] o.s.j.e.a.AnnotationMBeanExporter [MBeanExporter.java:431] Registering beans for JMX exposure on startup
2018-06-10 00:46:40,064 INFO [main] o.a.c.h.Http11NioProtocol [DirectJDKLog.java:180] Starting ProtocolHandler ["http-nio-9000"]
2018-06-10 00:46:40,073 INFO [main] o.a.t.u.n.NioSelectorPool [DirectJDKLog.java:180] Using a shared selector for servlet write/read
2018-06-10 00:46:40,088 INFO [main] o.s.b.c.e.t.TomcatEmbeddedServletContainer [TomcatEmbeddedServletContainer.java:216] Tomcat started on port(s): 9000 (http)
2018-06-10 00:46:40,092 INFO [main] k.a.h.c.HelloSpringBootApplication [StartupInfoLogger.java:57] Started HelloSpringBootApplication in 4.654 seconds (JVM running for 5.516)
2018-06-10 00:47:10,249 INFO [http-nio-9000-exec-1] o.a.c.c.C.[.[.[/] [DirectJDKLog.java:180] Initializing Spring FrameworkServlet 'dispatcherServlet'
2018-06-10 00:47:10,249 INFO [http-nio-9000-exec-1] o.s.w.s.DispatcherServlet [FrameworkServlet.java:489] FrameworkServlet 'dispatcherServlet': initialization started
2018-06-10 00:47:10,270 INFO [http-nio-9000-exec-1] o.s.w.s.DispatcherServlet [FrameworkServlet.java:508] FrameworkServlet 'dispatcherServlet': initialization completed in 20 ms
2018-06-10 00:47:16,675 DEBUG [http-nio-9000-exec-3] k.a.h.c.c.CustomerController [CustomerController.java:35] Calling getAll( )
2018-06-10 00:47:16,704 INFO [http-nio-9000-exec-3] o.h.h.i.QueryTranslatorFactoryInitiator [QueryTranslatorFactoryInitiator.java:47] HHH000397: Using ASTQueryTranslatorFactory
2018-06-10 00:47:41,150 DEBUG [http-nio-9000-exec-5] k.a.h.c.c.CustomerController [CustomerController.java:35] Calling getAll( )
2018-06-10 00:49:05,524 DEBUG [http-nio-9000-exec-7] k.a.h.c.c.CustomerController [CustomerController.java:49] Calling postCustomer( )
2018-06-10 00:49:19,476 WARN [http-nio-9000-exec-8] o.s.w.s.PageNotFound [DefaultHandlerExceptionResolver.java:221] Request method 'POST' not supported
2018-06-10 00:49:29,390 DEBUG [http-nio-9000-exec-9] k.a.h.c.c.CustomerController [CustomerController.java:35] Calling getAll( )
2018-06-10 00:49:30,382 DEBUG [http-nio-9000-exec-1] k.a.h.c.c.CustomerController [CustomerController.java:35] Calling getAll( )
2018-06-10 00:49:30,969 DEBUG [http-nio-9000-exec-2] k.a.h.c.c.CustomerController [CustomerController.java:35] Calling getAll( )
2018-06-10 00:49:40,599 DEBUG [http-nio-9000-exec-5] k.a.h.c.c.CustomerController [CustomerController.java:62] Calling findByLastName( )
2018-06-10 00:52:42,352 INFO [RMI TCP Connection(2)-127.0.0.1] o.s.b.a.SpringApplicationAdminMXBeanRegistrar$SpringApplicationAdmin [SpringApplicationAdminMXBeanRegistrar.java:125] Application shutdown requested.
2018-06-10 00:52:42,353 INFO [RMI TCP Connection(2)-127.0.0.1] o.s.b.c.e.AnnotationConfigEmbeddedWebApplicationContext [AbstractApplicationContext.java:984] Closing org.springframework.boot.context.embedded.AnnotationConfigEmbeddedWebApplicationContext@2805c96b: startup date [Sun Jun 10 00:46:35 KST 2018]; root of context hierarchy
2018-06-10 00:52:42,357 INFO [RMI TCP Connection(2)-127.0.0.1] o.s.j.e.a.AnnotationMBeanExporter [MBeanExporter.java:449] Unregistering JMX-exposed beans on shutdown
2018-06-10 00:52:42,359 INFO [RMI TCP Connection(2)-127.0.0.1] o.s.o.j.LocalContainerEntityManagerFactoryBean [AbstractEntityManagerFactoryBean.java:590] Closing JPA EntityManagerFactory for persistence unit 'default'
